#
# There is insufficient memory for the Java Runtime Environment to continue.
# Native memory allocation (mmap) failed to map 117440512 bytes for G1 virtual space
# Possible reasons:
#   The system is out of physical RAM or swap space
#   The process is running with CompressedOops enabled, and the Java Heap may be blocking the growth of the native heap
# Possible solutions:
#   Reduce memory load on the system
#   Increase physical memory or swap space
#   Check if swap backing store is full
#   Decrease Java heap size (-Xmx/-Xms)
#   Decrease number of Java threads
#   Decrease Java thread stack sizes (-Xss)
#   Set larger code cache with -XX:ReservedCodeCacheSize=
#   JVM is running with Unscaled Compressed Oops mode in which the Java heap is
#     placed in the first 4GB address space. The Java Heap base address is the
#     maximum limit for the native heap growth. Please use -XX:HeapBaseMinAddress
#     to set the Java Heap base and to place the Java Heap above 4GB virtual address.
# This output file may be truncated or incomplete.
#
#  Out of Memory Error (os_windows.cpp:3466), pid=10172, tid=16764
#
# JRE version:  (16.0.2+7) (build )
# Java VM: OpenJDK 64-Bit Server VM (16.0.2+7, mixed mode, sharing, tiered, compressed oops, compressed class ptrs, g1 gc, windows-amd64)
# No core dump will be written. Minidumps are not enabled by default on client versions of Windows
#

---------------  S U M M A R Y ------------

Command Line: org.jetbrains.kotlin.cli.jvm.K2JVMCompiler @D:\LICENTA\soundure\node_modules\expo-dev-launcher\android\build\20230613_4169006786384127438.compiler.options

Host: AMD Ryzen 5 3500U with Radeon Vega Mobile Gfx  , 8 cores, 6G,  Windows 10 , 64 bit Build 19041 (10.0.19041.2913)
Time: Tue Jun 13 13:50:07 2023 GTB Daylight Time elapsed time: 0.050240 seconds (0d 0h 0m 0s)

---------------  T H R E A D  ---------------

Current thread (0x000002703beb2750):  JavaThread "Unknown thread" [_thread_in_vm, id=16764, stack(0x000000ee99300000,0x000000ee99400000)]

Stack: [0x000000ee99300000,0x000000ee99400000]
Native frames: (J=compiled Java code, j=interpreted, Vv=VM code, C=native code)
V  [jvm.dll+0x67918a]
V  [jvm.dll+0x82b819]
V  [jvm.dll+0x82cfce]
V  [jvm.dll+0x82d623]
V  [jvm.dll+0x24ec65]
V  [jvm.dll+0x675ed9]
V  [jvm.dll+0x66aaa5]
V  [jvm.dll+0x308ecb]
V  [jvm.dll+0x310046]
V  [jvm.dll+0x35ffde]
V  [jvm.dll+0x36020f]
V  [jvm.dll+0x2dfbb8]
V  [jvm.dll+0x2e0df4]
V  [jvm.dll+0x7fdb01]
V  [jvm.dll+0x36ddd1]
V  [jvm.dll+0x7db5c0]
V  [jvm.dll+0x3f290f]
V  [jvm.dll+0x3f46a1]
C  [jli.dll+0x52fb]
C  [ucrtbase.dll+0x21bb2]
C  [KERNEL32.DLL+0x17614]
C  [ntdll.dll+0x526a1]


---------------  P R O C E S S  ---------------

Threads class SMR info:
_java_thread_list=0x00007ff9009e13b8, length=0, elements={
}

Java Threads: ( => current thread )

Other Threads:
  0x000002703beee4b0 GCTaskThread "GC Thread#0" [stack: 0x000000ee99500000,0x000000ee99600000] [id=17668]
  0x000002703befd2f0 ConcurrentGCThread "G1 Main Marker" [stack: 0x000000ee99600000,0x000000ee99700000] [id=3284]
  0x000002703befdd60 ConcurrentGCThread "G1 Conc#0" [stack: 0x000000ee99700000,0x000000ee99800000] [id=9256]

[error occurred during error reporting (printing all threads), id 0xc0000005, EXCEPTION_ACCESS_VIOLATION (0xc0000005) at pc=0x00007ff900140ac7]

VM state: not at safepoint (not fully initialized)

VM Mutex/Monitor currently owned by a thread:  ([mutex/lock_event])
[0x000002703beaed80] Heap_lock - owner thread: 0x000002703beb2750

Heap address: 0x0000000091000000, size: 1776 MB, Compressed Oops mode: 32-bit

CDS archive(s) mapped at: [0x0000000000000000-0x0000000000000000-0x0000000000000000), size 0, SharedBaseAddress: 0x0000000800000000, ArchiveRelocationMode: 0.
Narrow klass base: 0x0000000000000000, Narrow klass shift: 0, Narrow klass range: 0x0

GC Precious Log:
<Empty>

Heap:
 garbage-first heap   total 0K, used 0K [0x0000000091000000, 0x0000000100000000)
  region size 1024K, 0 young (0K), 0 survivors (0K)

[error occurred during error reporting (printing heap information), id 0xc0000005, EXCEPTION_ACCESS_VIOLATION (0xc0000005) at pc=0x00007ff90052320d]

GC Heap History (0 events):
No events

Deoptimization events (0 events):
No events

Classes unloaded (0 events):
No events

Classes redefined (0 events):
No events

Internal exceptions (0 events):
No events

Events (1 events):
Event: 0.015 Loaded shared library C:\Program Files\Eclipse Foundation\jdk-16.0.2.7-hotspot\bin\java.dll


Dynamic libraries:
0x00007ff742a60000 - 0x00007ff742a6e000 	C:\Program Files\Eclipse Foundation\jdk-16.0.2.7-hotspot\bin\java.exe
0x00007ff9691f0000 - 0x00007ff9693e8000 	C:\WINDOWS\SYSTEM32\ntdll.dll
0x00007ff9682a0000 - 0x00007ff96835f000 	C:\WINDOWS\System32\KERNEL32.DLL
0x00007ff966a10000 - 0x00007ff966d06000 	C:\WINDOWS\System32\KERNELBASE.dll
0x00007ff967100000 - 0x00007ff967200000 	C:\WINDOWS\System32\ucrtbase.dll
0x00007ff959630000 - 0x00007ff959648000 	C:\Program Files\Eclipse Foundation\jdk-16.0.2.7-hotspot\bin\jli.dll
0x00007ff969010000 - 0x00007ff9691ad000 	C:\WINDOWS\System32\USER32.dll
0x00007ff966ec0000 - 0x00007ff966ee2000 	C:\WINDOWS\System32\win32u.dll
0x00007ff967b20000 - 0x00007ff967b4c000 	C:\WINDOWS\System32\GDI32.dll
0x00007ff966d10000 - 0x00007ff966e25000 	C:\WINDOWS\System32\gdi32full.dll
0x00007ff966940000 - 0x00007ff9669dd000 	C:\WINDOWS\System32\msvcp_win.dll
0x00007ff959dd0000 - 0x00007ff959de9000 	C:\Program Files\Eclipse Foundation\jdk-16.0.2.7-hotspot\bin\VCRUNTIME140.dll
0x00007ff953260000 - 0x00007ff9534fa000 	C:\WINDOWS\WinSxS\amd64_microsoft.windows.common-controls_6595b64144ccf1df_6.0.19041.1110_none_60b5254171f9507e\COMCTL32.dll
0x00007ff9688b0000 - 0x00007ff96894e000 	C:\WINDOWS\System32\msvcrt.dll
0x00007ff968970000 - 0x00007ff9689a0000 	C:\WINDOWS\System32\IMM32.DLL
0x00007ff95e960000 - 0x00007ff95e96c000 	C:\Program Files\Eclipse Foundation\jdk-16.0.2.7-hotspot\bin\vcruntime140_1.dll
0x00007ff9543a0000 - 0x00007ff954431000 	C:\Program Files\Eclipse Foundation\jdk-16.0.2.7-hotspot\bin\msvcp140.dll
0x00007ff8ffe50000 - 0x00007ff900a87000 	C:\Program Files\Eclipse Foundation\jdk-16.0.2.7-hotspot\bin\server\jvm.dll
0x00007ff968f60000 - 0x00007ff96900f000 	C:\WINDOWS\System32\ADVAPI32.dll
0x00007ff968630000 - 0x00007ff9686cc000 	C:\WINDOWS\System32\sechost.dll
0x00007ff968020000 - 0x00007ff968146000 	C:\WINDOWS\System32\RPCRT4.dll
0x00007ff9687d0000 - 0x00007ff9687d8000 	C:\WINDOWS\System32\PSAPI.DLL
0x00007ff9476c0000 - 0x00007ff9476c9000 	C:\WINDOWS\SYSTEM32\WSOCK32.dll
0x00007ff9683e0000 - 0x00007ff96844b000 	C:\WINDOWS\System32\WS2_32.dll
0x00007ff95b1e0000 - 0x00007ff95b207000 	C:\WINDOWS\SYSTEM32\WINMM.dll
0x00007ff95b540000 - 0x00007ff95b54a000 	C:\WINDOWS\SYSTEM32\VERSION.dll
0x00007ff965130000 - 0x00007ff965142000 	C:\WINDOWS\SYSTEM32\kernel.appcore.dll
0x00007ff959dc0000 - 0x00007ff959dca000 	C:\Program Files\Eclipse Foundation\jdk-16.0.2.7-hotspot\bin\jimage.dll
0x00007ff964940000 - 0x00007ff964b24000 	C:\WINDOWS\SYSTEM32\DBGHELP.DLL
0x00007ff94e960000 - 0x00007ff94e994000 	C:\WINDOWS\SYSTEM32\dbgcore.DLL
0x00007ff966e30000 - 0x00007ff966eb2000 	C:\WINDOWS\System32\bcryptPrimitives.dll
0x00007ff955f20000 - 0x00007ff955f45000 	C:\Program Files\Eclipse Foundation\jdk-16.0.2.7-hotspot\bin\java.dll

dbghelp: loaded successfully - version: 4.0.5 - missing functions: none
symbol engine: initialized successfully - sym options: 0x614 - pdb path: .;C:\Program Files\Eclipse Foundation\jdk-16.0.2.7-hotspot\bin;C:\WINDOWS\SYSTEM32;C:\WINDOWS\WinSxS\amd64_microsoft.windows.common-controls_6595b64144ccf1df_6.0.19041.1110_none_60b5254171f9507e;C:\Program Files\Eclipse Foundation\jdk-16.0.2.7-hotspot\bin\server

VM Arguments:
java_command: org.jetbrains.kotlin.cli.jvm.K2JVMCompiler @D:\LICENTA\soundure\node_modules\expo-dev-launcher\android\build\20230613_4169006786384127438.compiler.options
java_class_path (initial): C:\Users\liviu\.gradle\caches\modules-2\files-2.1\org.jetbrains.kotlin\kotlin-compiler-embeddable\1.8.10\b0757fd774344d54ce93f5ad6c30ba1c1731c8ff\kotlin-compiler-embeddable-1.8.10.jar;C:\Users\liviu\.gradle\caches\modules-2\files-2.1\org.jetbrains.kotlin\kotlin-stdlib\1.8.10\6d5560a229477df9406943d5feda5618e98eb64c\kotlin-stdlib-1.8.10.jar;C:\Users\liviu\.gradle\caches\modules-2\files-2.1\org.jetbrains.kotlin\kotlin-script-runtime\1.8.10\b13ea9c7e46d589139e56086a878763290e20bd5\kotlin-script-runtime-1.8.10.jar;C:\Users\liviu\.gradle\caches\modules-2\files-2.1\org.jetbrains.kotlin\kotlin-reflect\1.8.10\1e90b778ea4669b6bcbfaca57313665ddd804779\kotlin-reflect-1.8.10.jar;C:\Users\liviu\.gradle\caches\modules-2\files-2.1\org.jetbrains.kotlin\kotlin-daemon-embeddable\1.8.10\ad8541d9bc1cf9e52c3204161247910c2cf601d4\kotlin-daemon-embeddable-1.8.10.jar;C:\Users\liviu\.gradle\caches\modules-2\files-2.1\org.jetbrains.intellij.deps\trove4j\1.0.20200330\3afb14d5f9ceb459d724e907a21145e8ff394f02\trove4j-1.0.20200330.jar;C:\Users\liviu\.gradle\caches\modules-2\files-2.1\net.java.dev.jna\jna\5.6.0\330f2244e9030119ab3030fc3fededc86713d9cc\jna-5.6.0.jar;C:\Users\liviu\.gradle\caches\modules-2\files-2.1\org.jetbrains.kotlin\kotlin-stdlib-common\1.8.10\a61b182458550492c12aee66157d7b524a63a5ec\kotlin-stdlib-common-1.8.10.jar;C:\Users\liviu\.gradle\caches\modules-2\files-2.1\org.jetbrains\annotations\13.0\919f0dfe192fb4e063e7dacadee7f8bb9a2672a9\annotations-13.0.jar
Launcher Type: SUN_STANDARD

[Global flags]
     intx CICompilerCount                          = 4                                         {product} {ergonomic}
     uint ConcGCThreads                            = 2                                         {product} {ergonomic}
     uint G1ConcRefinementThreads                  = 8                                         {product} {ergonomic}
   size_t G1HeapRegionSize                         = 1048576                                   {product} {ergonomic}
    uintx GCDrainStackTargetSize                   = 64                                        {product} {ergonomic}
   size_t InitialHeapSize                          = 117440512                                 {product} {ergonomic}
   size_t MarkStackSize                            = 4194304                                   {product} {ergonomic}
   size_t MaxHeapSize                              = 1862270976                                {product} {ergonomic}
   size_t MinHeapDeltaBytes                        = 1048576                                   {product} {ergonomic}
   size_t MinHeapSize                              = 8388608                                   {product} {ergonomic}
    uintx NonNMethodCodeHeapSize                   = 5839372                                {pd product} {ergonomic}
    uintx NonProfiledCodeHeapSize                  = 122909434                              {pd product} {ergonomic}
    uintx ProfiledCodeHeapSize                     = 122909434                              {pd product} {ergonomic}
    uintx ReservedCodeCacheSize                    = 251658240                              {pd product} {ergonomic}
     bool SegmentedCodeCache                       = true                                      {product} {ergonomic}
   size_t SoftMaxHeapSize                          = 1862270976                             {manageable} {ergonomic}
     bool UseCompressedClassPointers               = true                           {product lp64_product} {ergonomic}
     bool UseCompressedOops                        = true                           {product lp64_product} {ergonomic}
     bool UseG1GC                                  = true                                      {product} {ergonomic}
     bool UseLargePagesIndividualAllocation        = false                                  {pd product} {ergonomic}

Logging:
Log output configuration:
 #0: stdout all=warning uptime,level,tags
 #1: stderr all=off uptime,level,tags

Environment Variables:
CLASSPATH=D:\LICENTA\soundure\android\\gradle\wrapper\gradle-wrapper.jar
PATH=D:\LICENTA\soundure\node_modules\.bin;D:\LICENTA\node_modules\.bin;D:\node_modules\.bin;C:\Program Files\nodejs\node_modules\npm\node_modules\@npmcli\run-script\lib\node-gyp-bin;D:\PyCharm\Python 3.11;C:\Program Files\Eclipse Foundation\jdk-16.0.2.7-hotspot\bin;D:\OracleSQLDeveloper\oracle_database_xe\xe\dbhomeXE\bin;C:\Program Files (x86)\Common Files\Oracle\Java\javapath;C:\WINDOWS\system32;C:\WINDOWS;C:\WINDOWS\System32\Wbem;C:\WINDOWS\System32\WindowsPowerShell\v1.0\;C:\WINDOWS\System32\OpenSSH\;C:\Program Files\PuTTY\;C:\Program Files\Git\cmd;C:\Program Files\dotnet\;C:\Program Files\Microsoft SQL Server\150\Tools\Binn\;C:\Program Files\Microsoft SQL Server\Client SDK\ODBC\170\Tools\Binn\;C:\Program Files\nodejs\;D:\rc\Bitvise SSH Client;D:\PyCharm\Python 3.10.3\Scripts\;D:\PyCharm\Python 3.10.3\;C:\Users\liviu\AppData\Local\Microsoft\WindowsApps;C:\Users\liviu\.dotnet\tools;D:\Visual Studio Code\Microsoft VS Code\bin;C:\Users\liviu\AppData\Roaming\npm;C:\Users\liviu\AppData\Local\JetBrains\Toolbox\scripts;D:\PyCharm\Python 3.11;;D:\LICENTA\soundure\node_modules\.bin
USERNAME=liviu
LANG=en_US.UTF-8
OS=Windows_NT
PROCESSOR_IDENTIFIER=AMD64 Family 23 Model 24 Stepping 1, AuthenticAMD



---------------  S Y S T E M  ---------------

OS:
 Windows 10 , 64 bit Build 19041 (10.0.19041.2913)
OS uptime: 9 days 15:13 hours
Hyper-V role detected

CPU: total 8 (initial active 8) (8 cores per cpu, 2 threads per core) family 23 model 24 stepping 1 microcode 0x0, cx8, cmov, fxsr, ht, mmx, 3dnowpref, sse, sse2, sse3, ssse3, sse4a, sse4.1, sse4.2, popcnt, lzcnt, tsc, tscinvbit, avx, avx2, aes, clmul, bmi1, bmi2, adx, sha, fma, vzeroupper, clflush, clflushopt, hv

Memory: 4k page, system-wide physical 7103M (339M free)
TotalPageFile size 15089M (AvailPageFile size 15M)
current process WorkingSet (physical memory assigned to process): 10M, peak: 10M
current process commit charge ("private bytes"): 60M, peak: 171M

vm_info: OpenJDK 64-Bit Server VM (16.0.2+7) for windows-amd64 JRE (16.0.2+7), built on Jul 22 2021 15:19:09 by "" with MS VC++ 16.7 (VS2019)

END.
